2016/12/01 23:33:56 [warning] [application] [system-level-2] [Division by zero] file:E:\xampp\htdocs\beauty\protected\modules\boss\views\index\index.phtml->line:57
2016/12/01 23:33:56 [warning] [application] [system-level-2] [Division by zero] file:E:\xampp\htdocs\beauty\protected\modules\boss\views\index\index.phtml->line:71
2016/12/01 23:34:05 [warning] [application] [system-level-2] [Invalid argument supplied for foreach()] file:E:\xampp\htdocs\beauty\protected\views\_include\header_m.phtml->line:43
2016/12/01 23:34:06 [warning] [application] [system-level-2] [Division by zero] file:E:\xampp\htdocs\beauty\protected\modules\boss\views\index\index.phtml->line:57
2016/12/01 23:34:06 [warning] [application] [system-level-2] [Division by zero] file:E:\xampp\htdocs\beauty\protected\modules\boss\views\index\index.phtml->line:71
2016/12/01 23:34:09 [warning] [application] [system-level-2] [Division by zero] file:E:\xampp\htdocs\beauty\protected\modules\boss\views\index\index.phtml->line:57
2016/12/01 23:34:09 [warning] [application] [system-level-2] [Division by zero] file:E:\xampp\htdocs\beauty\protected\modules\boss\views\index\index.phtml->line:71
2016/12/01 23:34:11 [warning] [application] [system-level-2] [Invalid argument supplied for foreach()] file:E:\xampp\htdocs\beauty\protected\views\_include\header_m.phtml->line:43
2016/12/01 23:34:12 [warning] [application] [system-level-2] [Division by zero] file:E:\xampp\htdocs\beauty\protected\modules\boss\views\index\index.phtml->line:57
2016/12/01 23:34:12 [warning] [application] [system-level-2] [Division by zero] file:E:\xampp\htdocs\beauty\protected\modules\boss\views\index\index.phtml->line:71
2016/12/01 23:34:16 [warning] [application] [system-level-2] [Division by zero] file:E:\xampp\htdocs\beauty\protected\modules\boss\views\index\index.phtml->line:57
2016/12/01 23:34:16 [warning] [application] [system-level-2] [Division by zero] file:E:\xampp\htdocs\beauty\protected\modules\boss\views\index\index.phtml->line:71
2016/12/01 23:34:17 [warning] [application] [system-level-2] [Invalid argument supplied for foreach()] file:E:\xampp\htdocs\beauty\protected\views\_include\header_m.phtml->line:43
2016/12/01 23:34:18 [warning] [application] [system-level-2] [Division by zero] file:E:\xampp\htdocs\beauty\protected\modules\boss\views\index\index.phtml->line:57
2016/12/01 23:34:18 [warning] [application] [system-level-2] [Division by zero] file:E:\xampp\htdocs\beauty\protected\modules\boss\views\index\index.phtml->line:71
2016/12/01 23:34:56 [warning] [application] [system-level-2] [Invalid argument supplied for foreach()] file:E:\xampp\htdocs\beauty\protected\models\ReBook.php->line:128
2016/12/01 23:34:56 [warning] [application] [system-level-2] [Invalid argument supplied for foreach()] file:E:\xampp\htdocs\beauty\protected\components\zii\GridView.php->line:232
2016/12/01 23:34:56 [warning] [application] [system-level-2] [Invalid argument supplied for foreach()] file:E:\xampp\htdocs\beauty\protected\views\_include\header_m.phtml->line:43
2016/12/01 23:34:57 [warning] [application] [system-level-2] [Division by zero] file:E:\xampp\htdocs\beauty\protected\modules\boss\views\index\index.phtml->line:57
2016/12/01 23:34:57 [warning] [application] [system-level-2] [Division by zero] file:E:\xampp\htdocs\beauty\protected\modules\boss\views\index\index.phtml->line:71
2016/12/01 23:34:59 [warning] [application] [system-level-2] [Invalid argument supplied for foreach()] file:E:\xampp\htdocs\beauty\protected\views\_include\header_m.phtml->line:43
2016/12/01 23:34:59 [warning] [application] [system-level-2] [Division by zero] file:E:\xampp\htdocs\beauty\protected\modules\boss\views\index\index.phtml->line:57
2016/12/01 23:34:59 [warning] [application] [system-level-2] [Division by zero] file:E:\xampp\htdocs\beauty\protected\modules\boss\views\index\index.phtml->line:71
2016/12/01 23:35:01 [warning] [application] [system-level-2] [Invalid argument supplied for foreach()] file:E:\xampp\htdocs\beauty\protected\views\_include\header_m.phtml->line:43
2016/12/01 23:35:02 [warning] [application] [system-level-2] [Division by zero] file:E:\xampp\htdocs\beauty\protected\modules\boss\views\index\index.phtml->line:57
2016/12/01 23:35:02 [warning] [application] [system-level-2] [Division by zero] file:E:\xampp\htdocs\beauty\protected\modules\boss\views\index\index.phtml->line:71
2016/12/01 23:35:03 [warning] [application] [system-level-2] [Invalid argument supplied for foreach()] file:E:\xampp\htdocs\beauty\protected\views\_include\header_m.phtml->line:43
2016/12/01 23:35:03 [warning] [application] [system-level-2] [Division by zero] file:E:\xampp\htdocs\beauty\protected\modules\boss\views\index\index.phtml->line:57
2016/12/01 23:35:03 [warning] [application] [system-level-2] [Division by zero] file:E:\xampp\htdocs\beauty\protected\modules\boss\views\index\index.phtml->line:71
2016/12/01 23:35:04 [warning] [application] [system-level-2] [Invalid argument supplied for foreach()] file:E:\xampp\htdocs\beauty\protected\views\_include\header_m.phtml->line:43
2016/12/01 23:35:04 [warning] [application] [system-level-2] [Division by zero] file:E:\xampp\htdocs\beauty\protected\modules\boss\views\index\index.phtml->line:57
2016/12/01 23:35:04 [warning] [application] [system-level-2] [Division by zero] file:E:\xampp\htdocs\beauty\protected\modules\boss\views\index\index.phtml->line:71
2016/12/01 23:35:05 [warning] [application] [system-level-2] [Invalid argument supplied for foreach()] file:E:\xampp\htdocs\beauty\protected\views\_include\header_m.phtml->line:43
2016/12/01 23:35:05 [warning] [application] [system-level-2] [Division by zero] file:E:\xampp\htdocs\beauty\protected\modules\boss\views\index\index.phtml->line:57
2016/12/01 23:35:05 [warning] [application] [system-level-2] [Division by zero] file:E:\xampp\htdocs\beauty\protected\modules\boss\views\index\index.phtml->line:71
2016/12/01 23:35:06 [warning] [application] [system-level-2] [Invalid argument supplied for foreach()] file:E:\xampp\htdocs\beauty\protected\views\_include\header_m.phtml->line:43
2016/12/01 23:35:06 [warning] [application] [system-level-2] [Division by zero] file:E:\xampp\htdocs\beauty\protected\modules\boss\views\index\index.phtml->line:57
2016/12/01 23:35:06 [warning] [application] [system-level-2] [Division by zero] file:E:\xampp\htdocs\beauty\protected\modules\boss\views\index\index.phtml->line:71
2016/12/01 23:35:08 [warning] [application] [system-level-2] [Invalid argument supplied for foreach()] file:E:\xampp\htdocs\beauty\protected\views\_include\header_m.phtml->line:43
2016/12/01 23:35:10 [warning] [application] [system-level-2] [Division by zero] file:E:\xampp\htdocs\beauty\protected\modules\boss\views\index\index.phtml->line:57
2016/12/01 23:35:10 [warning] [application] [system-level-2] [Division by zero] file:E:\xampp\htdocs\beauty\protected\modules\boss\views\index\index.phtml->line:71
2016/12/01 23:35:12 [warning] [application] [system-level-2] [Invalid argument supplied for foreach()] file:E:\xampp\htdocs\beauty\protected\views\_include\header_m.phtml->line:43
2016/12/01 23:35:13 [warning] [application] [system-level-2] [Division by zero] file:E:\xampp\htdocs\beauty\protected\modules\boss\views\index\index.phtml->line:57
2016/12/01 23:35:13 [warning] [application] [system-level-2] [Division by zero] file:E:\xampp\htdocs\beauty\protected\modules\boss\views\index\index.phtml->line:71
2016/12/01 23:35:14 [warning] [application] [system-level-2] [Invalid argument supplied for foreach()] file:E:\xampp\htdocs\beauty\protected\views\_include\header_m.phtml->line:43
2016/12/01 23:35:15 [warning] [application] [system-level-2] [Division by zero] file:E:\xampp\htdocs\beauty\protected\modules\boss\views\index\index.phtml->line:57
2016/12/01 23:35:15 [warning] [application] [system-level-2] [Division by zero] file:E:\xampp\htdocs\beauty\protected\modules\boss\views\index\index.phtml->line:71
2016/12/01 23:35:17 [warning] [application] [system-level-2] [Invalid argument supplied for foreach()] file:E:\xampp\htdocs\beauty\protected\views\_include\header_m.phtml->line:43
2016/12/01 23:35:19 [warning] [application] [system-level-2] [Division by zero] file:E:\xampp\htdocs\beauty\protected\modules\boss\views\index\index.phtml->line:57
2016/12/01 23:35:19 [warning] [application] [system-level-2] [Division by zero] file:E:\xampp\htdocs\beauty\protected\modules\boss\views\index\index.phtml->line:71
2016/12/01 23:35:20 [warning] [application] [system-level-2] [Division by zero] file:E:\xampp\htdocs\beauty\protected\modules\boss\views\index\target.phtml->line:25
2016/12/01 23:35:20 [warning] [application] [system-level-2] [Division by zero] file:E:\xampp\htdocs\beauty\protected\modules\boss\views\index\target.phtml->line:29
2016/12/01 23:35:20 [warning] [application] [system-level-2] [Invalid argument supplied for foreach()] file:E:\xampp\htdocs\beauty\protected\modules\boss\views\index\target.phtml->line:46
2016/12/01 23:35:20 [warning] [application] [system-level-2] [Invalid argument supplied for foreach()] file:E:\xampp\htdocs\beauty\protected\views\_include\header_m.phtml->line:43
2016/12/01 23:35:20 [warning] [application] [system-level-2] [Division by zero] file:E:\xampp\htdocs\beauty\protected\modules\boss\views\index\index.phtml->line:57
2016/12/01 23:35:20 [warning] [application] [system-level-2] [Division by zero] file:E:\xampp\htdocs\beauty\protected\modules\boss\views\index\index.phtml->line:71
2016/12/01 23:35:22 [warning] [application] [system-level-2] [Invalid argument supplied for foreach()] file:E:\xampp\htdocs\beauty\protected\views\_include\header_m.phtml->line:43
2016/12/01 23:35:22 [warning] [application] [system-level-2] [Division by zero] file:E:\xampp\htdocs\beauty\protected\modules\boss\views\index\index.phtml->line:57
2016/12/01 23:35:22 [warning] [application] [system-level-2] [Division by zero] file:E:\xampp\htdocs\beauty\protected\modules\boss\views\index\index.phtml->line:71
2016/12/01 23:35:23 [warning] [application] [system-level-2] [Invalid argument supplied for foreach()] file:E:\xampp\htdocs\beauty\protected\views\_include\header_m.phtml->line:43
2016/12/01 23:35:24 [warning] [application] [system-level-2] [Division by zero] file:E:\xampp\htdocs\beauty\protected\modules\boss\views\index\index.phtml->line:57
2016/12/01 23:35:24 [warning] [application] [system-level-2] [Division by zero] file:E:\xampp\htdocs\beauty\protected\modules\boss\views\index\index.phtml->line:71
2016/12/01 23:35:27 [warning] [application] [system-level-2] [Invalid argument supplied for foreach()] file:E:\xampp\htdocs\beauty\protected\views\_include\header_m.phtml->line:43
2016/12/01 23:35:27 [warning] [application] [system-level-2] [Division by zero] file:E:\xampp\htdocs\beauty\protected\modules\boss\views\index\index.phtml->line:57
2016/12/01 23:35:27 [warning] [application] [system-level-2] [Division by zero] file:E:\xampp\htdocs\beauty\protected\modules\boss\views\index\index.phtml->line:71
2016/12/01 23:35:37 [warning] [application] [system-level-2] [Invalid argument supplied for foreach()] file:E:\xampp\htdocs\beauty\protected\views\_include\header_m.phtml->line:43
2016/12/01 23:35:37 [warning] [application] [system-level-2] [Division by zero] file:E:\xampp\htdocs\beauty\protected\modules\boss\views\index\index.phtml->line:57
2016/12/01 23:35:37 [warning] [application] [system-level-2] [Division by zero] file:E:\xampp\htdocs\beauty\protected\modules\boss\views\index\index.phtml->line:71
2016/12/01 23:35:39 [warning] [application] [system-level-2] [Invalid argument supplied for foreach()] file:E:\xampp\htdocs\beauty\protected\views\_include\header_m.phtml->line:43
2016/12/01 23:35:40 [warning] [application] [system-level-2] [Division by zero] file:E:\xampp\htdocs\beauty\protected\modules\boss\views\index\index.phtml->line:57
2016/12/01 23:35:40 [warning] [application] [system-level-2] [Division by zero] file:E:\xampp\htdocs\beauty\protected\modules\boss\views\index\index.phtml->line:71
2016/12/01 23:35:41 [warning] [application] [system-level-2] [Invalid argument supplied for foreach()] file:E:\xampp\htdocs\beauty\protected\views\_include\header_m.phtml->line:43
2016/12/01 23:35:41 [warning] [application] [system-level-2] [Division by zero] file:E:\xampp\htdocs\beauty\protected\modules\boss\views\index\index.phtml->line:57
2016/12/01 23:35:41 [warning] [application] [system-level-2] [Division by zero] file:E:\xampp\htdocs\beauty\protected\modules\boss\views\index\index.phtml->line:71
2016/12/01 23:35:50 [warning] [application] [system-level-2] [Invalid argument supplied for foreach()] file:E:\xampp\htdocs\beauty\protected\views\_include\header_m.phtml->line:43
2016/12/01 23:35:50 [warning] [application] [system-level-2] [Division by zero] file:E:\xampp\htdocs\beauty\protected\modules\boss\views\index\index.phtml->line:57
2016/12/01 23:35:50 [warning] [application] [system-level-2] [Division by zero] file:E:\xampp\htdocs\beauty\protected\modules\boss\views\index\index.phtml->line:71
2016/12/01 23:36:05 [warning] [application] [system-level-2] [Invalid argument supplied for foreach()] file:E:\xampp\htdocs\beauty\protected\views\_include\header_m.phtml->line:43
2016/12/01 23:36:05 [warning] [application] [system-level-2] [Division by zero] file:E:\xampp\htdocs\beauty\protected\modules\boss\views\index\index.phtml->line:57
2016/12/01 23:36:05 [warning] [application] [system-level-2] [Division by zero] file:E:\xampp\htdocs\beauty\protected\modules\boss\views\index\index.phtml->line:71
2016/12/01 23:36:06 [warning] [application] [system-level-2] [Invalid argument supplied for foreach()] file:E:\xampp\htdocs\beauty\protected\views\_include\header_m.phtml->line:43
2016/12/01 23:36:06 [warning] [application] [system-level-2] [Division by zero] file:E:\xampp\htdocs\beauty\protected\modules\boss\views\index\index.phtml->line:57
2016/12/01 23:36:06 [warning] [application] [system-level-2] [Division by zero] file:E:\xampp\htdocs\beauty\protected\modules\boss\views\index\index.phtml->line:71
2016/12/01 23:36:10 [warning] [application] [system-level-2] [Invalid argument supplied for foreach()] file:E:\xampp\htdocs\beauty\protected\views\_include\header_m.phtml->line:43
2016/12/01 23:36:10 [warning] [application] [system-level-2] [Division by zero] file:E:\xampp\htdocs\beauty\protected\modules\boss\views\index\index.phtml->line:57
2016/12/01 23:36:10 [warning] [application] [system-level-2] [Division by zero] file:E:\xampp\htdocs\beauty\protected\modules\boss\views\index\index.phtml->line:71
2016/12/01 23:36:19 [warning] [application] [system-level-2] [Invalid argument supplied for foreach()] file:E:\xampp\htdocs\beauty\protected\views\_include\header_m.phtml->line:43
2016/12/01 23:36:19 [warning] [application] [system-level-2] [Division by zero] file:E:\xampp\htdocs\beauty\protected\modules\boss\views\index\index.phtml->line:57
2016/12/01 23:36:19 [warning] [application] [system-level-2] [Division by zero] file:E:\xampp\htdocs\beauty\protected\modules\boss\views\index\index.phtml->line:71
2016/12/01 23:36:21 [warning] [application] [system-level-2] [Invalid argument supplied for foreach()] file:E:\xampp\htdocs\beauty\protected\views\_include\header_m.phtml->line:43
2016/12/01 23:36:21 [warning] [application] [system-level-2] [Division by zero] file:E:\xampp\htdocs\beauty\protected\modules\boss\views\index\index.phtml->line:57
2016/12/01 23:36:21 [warning] [application] [system-level-2] [Division by zero] file:E:\xampp\htdocs\beauty\protected\modules\boss\views\index\index.phtml->line:71
2016/12/01 23:36:29 [warning] [application] [system-level-2] [Invalid argument supplied for foreach()] file:E:\xampp\htdocs\beauty\protected\views\_include\header_m.phtml->line:43
2016/12/01 23:36:29 [warning] [application] [system-level-2] [Division by zero] file:E:\xampp\htdocs\beauty\protected\modules\boss\views\index\index.phtml->line:57
2016/12/01 23:36:29 [warning] [application] [system-level-2] [Division by zero] file:E:\xampp\htdocs\beauty\protected\modules\boss\views\index\index.phtml->line:71
2016/12/01 23:36:33 [warning] [application] [system-level-2] [Invalid argument supplied for foreach()] file:E:\xampp\htdocs\beauty\protected\views\_include\header_m.phtml->line:43
2016/12/01 23:36:34 [warning] [application] [system-level-2] [Division by zero] file:E:\xampp\htdocs\beauty\protected\modules\boss\views\index\index.phtml->line:57
2016/12/01 23:36:34 [warning] [application] [system-level-2] [Division by zero] file:E:\xampp\htdocs\beauty\protected\modules\boss\views\index\index.phtml->line:71
2016/12/01 23:36:38 [warning] [application] [system-level-2] [Invalid argument supplied for foreach()] file:E:\xampp\htdocs\beauty\protected\views\_include\header_m.phtml->line:43
2016/12/01 23:36:39 [warning] [application] [system-level-2] [Division by zero] file:E:\xampp\htdocs\beauty\protected\modules\boss\views\index\index.phtml->line:57
2016/12/01 23:36:39 [warning] [application] [system-level-2] [Division by zero] file:E:\xampp\htdocs\beauty\protected\modules\boss\views\index\index.phtml->line:71
2016/12/01 23:36:41 [warning] [application] [system-level-2] [Invalid argument supplied for foreach()] file:E:\xampp\htdocs\beauty\protected\views\_include\header_m.phtml->line:43
2016/12/01 23:36:41 [warning] [application] [system-level-2] [Division by zero] file:E:\xampp\htdocs\beauty\protected\modules\boss\views\index\index.phtml->line:57
2016/12/01 23:36:41 [warning] [application] [system-level-2] [Division by zero] file:E:\xampp\htdocs\beauty\protected\modules\boss\views\index\index.phtml->line:71
2016/12/01 23:38:15 [warning] [application] [system-level-2] [Invalid argument supplied for foreach()] file:E:\xampp\htdocs\beauty\protected\views\_include\header_m.phtml->line:43
2016/12/01 23:38:16 [warning] [application] [system-level-2] [Division by zero] file:E:\xampp\htdocs\beauty\protected\modules\boss\views\index\index.phtml->line:57
2016/12/01 23:38:16 [warning] [application] [system-level-2] [Division by zero] file:E:\xampp\htdocs\beauty\protected\modules\boss\views\index\index.phtml->line:71
2016/12/01 23:38:16 [warning] [application] [system-level-2] [Invalid argument supplied for foreach()] file:E:\xampp\htdocs\beauty\protected\views\_include\header_m.phtml->line:43
2016/12/01 23:38:17 [warning] [application] [system-level-2] [Division by zero] file:E:\xampp\htdocs\beauty\protected\modules\boss\views\index\index.phtml->line:57
2016/12/01 23:38:17 [warning] [application] [system-level-2] [Division by zero] file:E:\xampp\htdocs\beauty\protected\modules\boss\views\index\index.phtml->line:71
2016/12/01 23:38:20 [warning] [application] [system-level-2] [Invalid argument supplied for foreach()] file:E:\xampp\htdocs\beauty\protected\views\_include\header_m.phtml->line:43
2016/12/01 23:38:21 [warning] [application] [system-level-2] [Division by zero] file:E:\xampp\htdocs\beauty\protected\modules\boss\views\index\index.phtml->line:57
2016/12/01 23:38:21 [warning] [application] [system-level-2] [Division by zero] file:E:\xampp\htdocs\beauty\protected\modules\boss\views\index\index.phtml->line:71
2016/12/01 23:38:44 [warning] [application] [system-level-2] [Invalid argument supplied for foreach()] file:E:\xampp\htdocs\beauty\protected\views\_include\header_m.phtml->line:43
2016/12/01 23:38:47 [warning] [application] [system-level-2] [Division by zero] file:E:\xampp\htdocs\beauty\protected\modules\boss\views\index\index.phtml->line:57
2016/12/01 23:38:47 [warning] [application] [system-level-2] [Division by zero] file:E:\xampp\htdocs\beauty\protected\modules\boss\views\index\index.phtml->line:71
2016/12/01 23:39:04 [warning] [application] [system-level-2] [Invalid argument supplied for foreach()] file:E:\xampp\htdocs\beauty\protected\views\_include\header_m.phtml->line:43
2016/12/01 23:39:05 [warning] [application] [system-level-2] [Division by zero] file:E:\xampp\htdocs\beauty\protected\modules\boss\views\index\index.phtml->line:57
2016/12/01 23:39:05 [warning] [application] [system-level-2] [Division by zero] file:E:\xampp\htdocs\beauty\protected\modules\boss\views\index\index.phtml->line:71
2016/12/01 23:39:42 [warning] [application] [system-level-2] [Invalid argument supplied for foreach()] file:E:\xampp\htdocs\beauty\protected\views\_include\header_m.phtml->line:43
2016/12/01 23:39:43 [warning] [application] [system-level-2] [Division by zero] file:E:\xampp\htdocs\beauty\protected\modules\boss\views\index\index.phtml->line:57
2016/12/01 23:39:43 [warning] [application] [system-level-2] [Division by zero] file:E:\xampp\htdocs\beauty\protected\modules\boss\views\index\index.phtml->line:71
2016/12/01 23:39:54 [warning] [application] [system-level-2] [Invalid argument supplied for foreach()] file:E:\xampp\htdocs\beauty\protected\views\_include\header_m.phtml->line:43
2016/12/01 23:39:55 [warning] [application] [system-level-2] [Division by zero] file:E:\xampp\htdocs\beauty\protected\modules\boss\views\index\index.phtml->line:57
2016/12/01 23:39:55 [warning] [application] [system-level-2] [Division by zero] file:E:\xampp\htdocs\beauty\protected\modules\boss\views\index\index.phtml->line:71
2016/12/01 23:40:10 [warning] [application] [system-level-2] [Invalid argument supplied for foreach()] file:E:\xampp\htdocs\beauty\protected\views\_include\header_m.phtml->line:43
2016/12/01 23:40:11 [warning] [application] [system-level-2] [Division by zero] file:E:\xampp\htdocs\beauty\protected\modules\boss\views\index\index.phtml->line:57
2016/12/01 23:40:11 [warning] [application] [system-level-2] [Division by zero] file:E:\xampp\htdocs\beauty\protected\modules\boss\views\index\index.phtml->line:71
2016/12/01 23:40:50 [warning] [application] [system-level-2] [Invalid argument supplied for foreach()] file:E:\xampp\htdocs\beauty\protected\views\_include\header_m.phtml->line:43
2016/12/01 23:40:51 [warning] [application] [system-level-2] [Division by zero] file:E:\xampp\htdocs\beauty\protected\modules\boss\views\index\index.phtml->line:57
2016/12/01 23:40:51 [warning] [application] [system-level-2] [Division by zero] file:E:\xampp\htdocs\beauty\protected\modules\boss\views\index\index.phtml->line:71
2016/12/01 23:40:55 [warning] [application] [system-level-2] [Invalid argument supplied for foreach()] file:E:\xampp\htdocs\beauty\protected\views\_include\header_m.phtml->line:43
2016/12/01 23:40:56 [warning] [application] [system-level-2] [Division by zero] file:E:\xampp\htdocs\beauty\protected\modules\boss\views\index\index.phtml->line:57
2016/12/01 23:40:56 [warning] [application] [system-level-2] [Division by zero] file:E:\xampp\htdocs\beauty\protected\modules\boss\views\index\index.phtml->line:71
2016/12/01 23:41:21 [warning] [application] [system-level-2] [Invalid argument supplied for foreach()] file:E:\xampp\htdocs\beauty\protected\views\_include\header_m.phtml->line:43
2016/12/01 23:41:22 [warning] [application] [system-level-2] [Division by zero] file:E:\xampp\htdocs\beauty\protected\modules\boss\views\index\index.phtml->line:57
2016/12/01 23:41:22 [warning] [application] [system-level-2] [Division by zero] file:E:\xampp\htdocs\beauty\protected\modules\boss\views\index\index.phtml->line:71
2016/12/01 23:41:25 [warning] [application] [system-level-2] [Invalid argument supplied for foreach()] file:E:\xampp\htdocs\beauty\protected\views\_include\header_m.phtml->line:43
2016/12/01 23:41:25 [warning] [application] [system-level-2] [Division by zero] file:E:\xampp\htdocs\beauty\protected\modules\boss\views\index\index.phtml->line:57
2016/12/01 23:41:25 [warning] [application] [system-level-2] [Division by zero] file:E:\xampp\htdocs\beauty\protected\modules\boss\views\index\index.phtml->line:71
2016/12/01 23:41:26 [warning] [application] [system-level-2] [Invalid argument supplied for foreach()] file:E:\xampp\htdocs\beauty\protected\views\_include\header_m.phtml->line:43
2016/12/01 23:41:26 [warning] [application] [system-level-2] [Division by zero] file:E:\xampp\htdocs\beauty\protected\modules\boss\views\index\index.phtml->line:57
2016/12/01 23:41:26 [warning] [application] [system-level-2] [Division by zero] file:E:\xampp\htdocs\beauty\protected\modules\boss\views\index\index.phtml->line:71
2016/12/01 23:41:27 [warning] [application] [system-level-2] [Invalid argument supplied for foreach()] file:E:\xampp\htdocs\beauty\protected\views\_include\header_m.phtml->line:43
2016/12/01 23:41:27 [warning] [application] [system-level-2] [Division by zero] file:E:\xampp\htdocs\beauty\protected\modules\boss\views\index\index.phtml->line:57
2016/12/01 23:41:27 [warning] [application] [system-level-2] [Division by zero] file:E:\xampp\htdocs\beauty\protected\modules\boss\views\index\index.phtml->line:71
2016/12/01 23:42:01 [warning] [application] [system-level-2] [Invalid argument supplied for foreach()] file:E:\xampp\htdocs\beauty\protected\views\_include\header_m.phtml->line:43
2016/12/01 23:42:01 [warning] [application] [system-level-2] [Division by zero] file:E:\xampp\htdocs\beauty\protected\modules\boss\views\index\index.phtml->line:57
2016/12/01 23:42:01 [warning] [application] [system-level-2] [Division by zero] file:E:\xampp\htdocs\beauty\protected\modules\boss\views\index\index.phtml->line:71
2016/12/01 23:44:23 [warning] [application] [system-level-2] [Invalid argument supplied for foreach()] file:E:\xampp\htdocs\beauty\protected\views\_include\header_m.phtml->line:43
2016/12/01 23:44:24 [warning] [application] [system-level-2] [Division by zero] file:E:\xampp\htdocs\beauty\protected\modules\boss\views\index\index.phtml->line:57
2016/12/01 23:44:24 [warning] [application] [system-level-2] [Division by zero] file:E:\xampp\htdocs\beauty\protected\modules\boss\views\index\index.phtml->line:71
2016/12/01 23:44:42 [warning] [application] [system-level-2] [Invalid argument supplied for foreach()] file:E:\xampp\htdocs\beauty\protected\views\_include\header_m.phtml->line:43
2016/12/01 23:44:42 [warning] [application] [system-level-2] [Division by zero] file:E:\xampp\htdocs\beauty\protected\modules\boss\views\index\index.phtml->line:57
2016/12/01 23:44:42 [warning] [application] [system-level-2] [Division by zero] file:E:\xampp\htdocs\beauty\protected\modules\boss\views\index\index.phtml->line:71
2016/12/01 23:44:52 [warning] [application] [system-level-2] [Invalid argument supplied for foreach()] file:E:\xampp\htdocs\beauty\protected\views\_include\header_m.phtml->line:43
2016/12/01 23:44:52 [warning] [application] [system-level-2] [Division by zero] file:E:\xampp\htdocs\beauty\protected\modules\boss\views\index\index.phtml->line:57
2016/12/01 23:44:52 [warning] [application] [system-level-2] [Division by zero] file:E:\xampp\htdocs\beauty\protected\modules\boss\views\index\index.phtml->line:71
2016/12/01 23:45:10 [warning] [application] [system-level-2] [Invalid argument supplied for foreach()] file:E:\xampp\htdocs\beauty\protected\views\_include\header_m.phtml->line:43
2016/12/01 23:45:10 [warning] [application] [system-level-2] [Division by zero] file:E:\xampp\htdocs\beauty\protected\modules\boss\views\index\index.phtml->line:57
2016/12/01 23:45:10 [warning] [application] [system-level-2] [Division by zero] file:E:\xampp\htdocs\beauty\protected\modules\boss\views\index\index.phtml->line:71
2016/12/01 23:45:32 [warning] [application] [system-level-2] [Invalid argument supplied for foreach()] file:E:\xampp\htdocs\beauty\protected\views\_include\header_m.phtml->line:43
2016/12/01 23:45:33 [warning] [application] [system-level-2] [Division by zero] file:E:\xampp\htdocs\beauty\protected\modules\boss\views\index\index.phtml->line:57
2016/12/01 23:45:33 [warning] [application] [system-level-2] [Division by zero] file:E:\xampp\htdocs\beauty\protected\modules\boss\views\index\index.phtml->line:71
2016/12/01 23:45:34 [warning] [application] [system-level-2] [Invalid argument supplied for foreach()] file:E:\xampp\htdocs\beauty\protected\views\_include\header_m.phtml->line:43
2016/12/01 23:45:34 [warning] [application] [system-level-2] [Division by zero] file:E:\xampp\htdocs\beauty\protected\modules\boss\views\index\index.phtml->line:57
2016/12/01 23:45:34 [warning] [application] [system-level-2] [Division by zero] file:E:\xampp\htdocs\beauty\protected\modules\boss\views\index\index.phtml->line:71
2016/12/01 23:45:36 [warning] [application] [system-level-2] [Invalid argument supplied for foreach()] file:E:\xampp\htdocs\beauty\protected\views\_include\header_m.phtml->line:43
2016/12/01 23:45:37 [warning] [application] [system-level-2] [Division by zero] file:E:\xampp\htdocs\beauty\protected\modules\boss\views\index\index.phtml->line:57
2016/12/01 23:45:37 [warning] [application] [system-level-2] [Division by zero] file:E:\xampp\htdocs\beauty\protected\modules\boss\views\index\index.phtml->line:71
2016/12/01 23:45:39 [warning] [application] [system-level-2] [Invalid argument supplied for foreach()] file:E:\xampp\htdocs\beauty\protected\views\_include\header_m.phtml->line:43
2016/12/01 23:45:39 [warning] [application] [system-level-2] [Division by zero] file:E:\xampp\htdocs\beauty\protected\modules\boss\views\index\index.phtml->line:57
2016/12/01 23:45:39 [warning] [application] [system-level-2] [Division by zero] file:E:\xampp\htdocs\beauty\protected\modules\boss\views\index\index.phtml->line:71
